[0m11:44:29.478991 [debug] [MainThread]: Sending event: {'category': 'dbt', 'action': 'invocation', 'label': 'start', 'context': [<snowplow_tracker.self_describing_json.SelfDescribingJson object at 0x105009010>, <snowplow_tracker.self_describing_json.SelfDescribingJson object at 0x106d1fb10>, <snowplow_tracker.self_describing_json.SelfDescribingJson object at 0x106d1fc50>]}


============================== 11:44:29.482118 | 4141870b-8309-4a61-9ff0-8a451ef1f159 ==============================
[0m11:44:29.482118 [info ] [MainThread]: Running with dbt=1.9.2
[0m11:44:29.482448 [debug] [MainThread]: running dbt with arguments {'printer_width': '80', 'indirect_selection': 'eager', 'write_json': 'True', 'log_cache_events': 'False', 'partial_parse': 'True', 'cache_selected_only': 'False', 'profiles_dir': '/Users/bakdauletbekhodja/.dbt', 'fail_fast': 'False', 'warn_error': 'None', 'log_path': 'logs', 'version_check': 'True', 'debug': 'False', 'use_colors': 'True', 'use_experimental_parser': 'False', 'empty': 'None', 'quiet': 'False', 'no_print': 'None', 'log_format': 'default', 'static_parser': 'True', 'warn_error_options': 'WarnErrorOptions(include=[], exclude=[])', 'introspect': 'True', 'target_path': 'None', 'invocation_command': 'dbt init', 'send_anonymous_usage_stats': 'True'}
[0m11:44:29.490976 [warn ] [MainThread]: [ConfigFolderDirectory]: Unable to parse logging event dictionary. Failed to parse dir field: expected string or bytes-like object, got 'PosixPath'.. Dictionary: {'dir': PosixPath('/Users/bakdauletbekhodja/.dbt')}
[0m11:44:29.491359 [info ] [MainThread]: Creating dbt configuration folder at 
[0m11:44:56.306212 [debug] [MainThread]: Starter project path: /Users/bakdauletbekhodja/Downloads/DBT/dbt-env/lib/python3.13/site-packages/dbt/include/starter_project
[0m11:44:56.316157 [info ] [MainThread]: 
Your new dbt project "Test_DBt" was created!

For more information on how to configure the profiles.yml file,
please consult the dbt documentation here:

  https://docs.getdbt.com/docs/configure-your-profile

One more thing:

Need help? Don't hesitate to reach out to us via GitHub issues or on Slack:

  https://community.getdbt.com/

Happy modeling!

[0m11:44:56.316514 [info ] [MainThread]: Setting up your profile.
[0m11:46:29.129356 [info ] [MainThread]: Profile Test_DBt written to /Users/bakdauletbekhodja/.dbt/profiles.yml using target's profile_template.yml and your supplied values. Run 'dbt debug' to validate the connection.
[0m11:46:29.141129 [debug] [MainThread]: Resource report: {"command_name": "init", "command_success": true, "command_wall_clock_time": 119.70337, "process_in_blocks": "0", "process_kernel_time": 0.222528, "process_mem_max_rss": "96616448", "process_out_blocks": "0", "process_user_time": 0.844826}
[0m11:46:29.142333 [debug] [MainThread]: Command `dbt init` succeeded at 11:46:29.142048 after 119.71 seconds
[0m11:46:29.143424 [debug] [MainThread]: Sending event: {'category': 'dbt', 'action': 'invocation', 'label': 'end', 'context': [<snowplow_tracker.self_describing_json.SelfDescribingJson object at 0x106ec09d0>, <snowplow_tracker.self_describing_json.SelfDescribingJson object at 0x104e21490>, <snowplow_tracker.self_describing_json.SelfDescribingJson object at 0x106dc2360>]}
[0m11:46:29.144134 [debug] [MainThread]: Flushing usage events
[0m11:46:30.069395 [debug] [MainThread]: An error was encountered while trying to flush usage events
